android/app/build/intermediates/manifest_merge_blame_file/debug/processDebugMainManifest/manifest-merger-blame-debug-report.txt
1<?xml version="1.0" encoding="utf-8"?>
2<manifest xmlns:android="http://schemas.android.com/apk/res/android"
3    package="com.carfix"
4    android:versionCode="1"
5    android:versionName="1.0" >
6
7    <uses-sdk
8        android:minSdkVersion="22"
9        android:targetSdkVersion="34" />
10
11    <uses-permission android:name="android.permission.BLUETOOTH" />
11-->src/main/AndroidManifest.xml:5:5-68
11-->src/main/AndroidManifest.xml:5:22-65
12    <uses-permission android:name="android.permission.BLUETOOTH_ADMIN" />
12-->src/main/AndroidManifest.xml:6:5-74
12-->src/main/AndroidManifest.xml:6:22-71
13    <uses-permission android:name="android.permission.BLUETOOTH_CONNECT" />
13-->src/main/AndroidManifest.xml:7:5-76
13-->src/main/AndroidManifest.xml:7:22-73
14    <uses-permission android:name="android.permission.BLUETOOTH_SCAN" />
14-->src/main/AndroidManifest.xml:8:5-73
14-->src/main/AndroidManifest.xml:8:22-70
15    <uses-permission android:name="android.permission.INTERNET" />
15-->src/main/AndroidManifest.xml:9:5-67
15-->src/main/AndroidManifest.xml:9:22-64
16
17    <queries>
17-->[androidx.car.app:app:1.4.0] AndroidManifest.xml:23:5-28:15
18        <provider
18-->[androidx.car.app:app:1.4.0] AndroidManifest.xml:24:9-27:43
19            android:name="androidx.car.app.connection.provider"
19-->[androidx.car.app:app:1.4.0] AndroidManifest.xml:25:13-64
20            android:authorities="androidx.car.app.connection" />
20-->[androidx.car.app:app:1.4.0] AndroidManifest.xml:26:13-62
21    </queries>
22
23    <permission
23-->[androidx.core:core:1.12.0] AndroidManifest.xml:22:5-24:47
24        android:name="com.carfix.DYNAMIC_RECEIVER_NOT_EXPORTED_PERMISSION"
24-->[androidx.core:core:1.12.0] AndroidManifest.xml:23:9-81
25        android:protectionLevel="signature" />
25-->[androidx.core:core:1.12.0] AndroidManifest.xml:24:9-44
26
27    <uses-permission android:name="com.carfix.DYNAMIC_RECEIVER_NOT_EXPORTED_PERMISSION" />
27-->[androidx.core:core:1.12.0] AndroidManifest.xml:26:5-97
27-->[androidx.core:core:1.12.0] AndroidManifest.xml:26:22-94
28
29    <application
29-->src/main/AndroidManifest.xml:11:5-56:19
30        android:allowBackup="true"
30-->src/main/AndroidManifest.xml:12:9-35
31        android:appComponentFactory="androidx.core.app.CoreComponentFactory"
31-->[androidx.core:core:1.12.0] AndroidManifest.xml:28:18-86
32        android:debuggable="true"
33        android:extractNativeLibs="true"
34        android:icon="@mipmap/ic_launcher"
34-->src/main/AndroidManifest.xml:13:9-43
35        android:label="@string/app_name"
35-->src/main/AndroidManifest.xml:14:9-41
36        android:roundIcon="@mipmap/ic_launcher_round"
36-->src/main/AndroidManifest.xml:15:9-54
37        android:supportsRtl="true"
37-->src/main/AndroidManifest.xml:16:9-35
38        android:testOnly="true"
39        android:theme="@style/AppTheme" >
39-->src/main/AndroidManifest.xml:17:9-40
40        <activity
40-->src/main/AndroidManifest.xml:19:9-30:20
41            android:name="com.carfix.MainActivity"
41-->src/main/AndroidManifest.xml:20:13-51
42            android:configChanges="orientation|keyboardHidden|keyboard|screenSize|locale|smallestScreenSize|screenLayout|uiMode"
42-->src/main/AndroidManifest.xml:21:13-129
43            android:exported="true"
43-->src/main/AndroidManifest.xml:25:13-36
44            android:label="@string/title_activity_main"
44-->src/main/AndroidManifest.xml:22:13-56
45            android:launchMode="singleTask"
45-->src/main/AndroidManifest.xml:24:13-44
46            android:theme="@style/AppTheme.NoActionBar" >
46-->src/main/AndroidManifest.xml:23:13-56
47            <intent-filter>
47-->src/main/AndroidManifest.xml:26:13-29:29
48                <action android:name="android.intent.action.MAIN" />
48-->src/main/AndroidManifest.xml:27:17-69
48-->src/main/AndroidManifest.xml:27:25-66
49
50                <category android:name="android.intent.category.LAUNCHER" />
50-->src/main/AndroidManifest.xml:28:17-77
50-->src/main/AndroidManifest.xml:28:27-74
51            </intent-filter>
52        </activity>
53
54        <!-- Android Auto Head-Unit CarAppService Declaration -->
55        <service
55-->src/main/AndroidManifest.xml:33:9-40:19
56            android:name="com.carfix.car.CarFixCarAppService"
56-->src/main/AndroidManifest.xml:34:13-62
57            android:exported="true" >
57-->src/main/AndroidManifest.xml:35:13-36
58            <intent-filter>
58-->src/main/AndroidManifest.xml:36:13-39:29
59                <action android:name="androidx.car.app.CarAppService" />
59-->src/main/AndroidManifest.xml:37:17-73
59-->src/main/AndroidManifest.xml:37:25-70
60
61                <category android:name="androidx.car.app.category.IOT" />
61-->src/main/AndroidManifest.xml:38:17-74
61-->src/main/AndroidManifest.xml:38:27-71
62            </intent-filter>
63        </service>
64
65        <meta-data
65-->src/main/AndroidManifest.xml:42:9-44:59
66            android:name="com.google.android.gms.car.application"
66-->src/main/AndroidManifest.xml:43:13-66
67            android:resource="@xml/automotive_app_desc" />
67-->src/main/AndroidManifest.xml:44:13-56
68
69        <provider
70            android:name="androidx.core.content.FileProvider"
70-->src/main/AndroidManifest.xml:47:13-62
71            android:authorities="com.carfix.fileprovider"
71-->src/main/AndroidManifest.xml:48:13-64
72            android:exported="false"
72-->src/main/AndroidManifest.xml:49:13-37
73            android:grantUriPermissions="true" >
73-->src/main/AndroidManifest.xml:50:13-47
74            <meta-data
74-->src/main/AndroidManifest.xml:51:13-53:54
75                android:name="android.support.FILE_PROVIDER_PATHS"
75-->src/main/AndroidManifest.xml:52:17-67
76                android:resource="@xml/file_paths" />
76-->src/main/AndroidManifest.xml:53:17-51
77        </provider>
78
79        <activity
79-->[androidx.car.app:app:1.4.0] AndroidManifest.xml:31:9-34:75
80            android:name="androidx.car.app.CarAppPermissionActivity"
80-->[androidx.car.app:app:1.4.0] AndroidManifest.xml:32:13-69
81            android:exported="false"
81-->[androidx.car.app:app:1.4.0] AndroidManifest.xml:33:13-37
82            android:theme="@android:style/Theme.Translucent.NoTitleBar" />
82-->[androidx.car.app:app:1.4.0] AndroidManifest.xml:34:13-72
83
84        <receiver
84-->[androidx.car.app:app:1.4.0] AndroidManifest.xml:36:9-38:40
85            android:name="androidx.car.app.notification.CarAppNotificationBroadcastReceiver"
85-->[androidx.car.app:app:1.4.0] AndroidManifest.xml:37:13-93
86            android:exported="false" />
86-->[androidx.car.app:app:1.4.0] AndroidManifest.xml:38:13-37
87
88        <provider
88-->[androidx.emoji2:emoji2:1.2.0] AndroidManifest.xml:24:9-32:20
89            android:name="androidx.startup.InitializationProvider"
89-->[androidx.emoji2:emoji2:1.2.0] AndroidManifest.xml:25:13-67
90            android:authorities="com.carfix.androidx-startup"
90-->[androidx.emoji2:emoji2:1.2.0] AndroidManifest.xml:26:13-68
91            android:exported="false" >
91-->[androidx.emoji2:emoji2:1.2.0] AndroidManifest.xml:27:13-37
92            <meta-data
92-->[androidx.emoji2:emoji2:1.2.0] AndroidManifest.xml:29:13-31:52
93                android:name="androidx.emoji2.text.EmojiCompatInitializer"
93-->[androidx.emoji2:emoji2:1.2.0] AndroidManifest.xml:30:17-75
94                android:value="androidx.startup" />
94-->[androidx.emoji2:emoji2:1.2.0] AndroidManifest.xml:31:17-49
95            <meta-data
95-->[androidx.lifecycle:lifecycle-process:2.6.1] AndroidManifest.xml:29:13-31:52
96                android:name="androidx.lifecycle.ProcessLifecycleInitializer"
96-->[androidx.lifecycle:lifecycle-process:2.6.1] AndroidManifest.xml:30:17-78
97                android:value="androidx.startup" />
97-->[androidx.lifecycle:lifecycle-process:2.6.1] AndroidManifest.xml:31:17-49
98            <meta-data
98-->[androidx.profileinstaller:profileinstaller:1.3.0] AndroidManifest.xml:29:13-31:52
99                android:name="androidx.profileinstaller.ProfileInstallerInitializer"
99-->[androidx.profileinstaller:profileinstaller:1.3.0] AndroidManifest.xml:30:17-85
100                android:value="androidx.startup" />
100-->[androidx.profileinstaller:profileinstaller:1.3.0] AndroidManifest.xml:31:17-49
101        </provider>
102
103        <receiver
103-->[androidx.profileinstaller:profileinstaller:1.3.0] AndroidManifest.xml:34:9-52:20
104            android:name="androidx.profileinstaller.ProfileInstallReceiver"
104-->[androidx.profileinstaller:profileinstaller:1.3.0] AndroidManifest.xml:35:13-76
105            android:directBootAware="false"
105-->[androidx.profileinstaller:profileinstaller:1.3.0] AndroidManifest.xml:36:13-44
106            android:enabled="true"
106-->[androidx.profileinstaller:profileinstaller:1.3.0] AndroidManifest.xml:37:13-35
107            android:exported="true"
107-->[androidx.profileinstaller:profileinstaller:1.3.0] AndroidManifest.xml:38:13-36
108            android:permission="android.permission.DUMP" >
108-->[androidx.profileinstaller:profileinstaller:1.3.0] AndroidManifest.xml:39:13-57
109            <intent-filter>
109-->[androidx.profileinstaller:profileinstaller:1.3.0] AndroidManifest.xml:40:13-42:29
110                <action android:name="androidx.profileinstaller.action.INSTALL_PROFILE" />
110-->[androidx.profileinstaller:profileinstaller:1.3.0] AndroidManifest.xml:41:17-91
110-->[androidx.profileinstaller:profileinstaller:1.3.0] AndroidManifest.xml:41:25-88
111            </intent-filter>
112            <intent-filter>
112-->[androidx.profileinstaller:profileinstaller:1.3.0] AndroidManifest.xml:43:13-45:29
113                <action android:name="androidx.profileinstaller.action.SKIP_FILE" />
113-->[androidx.profileinstaller:profileinstaller:1.3.0] AndroidManifest.xml:44:17-85
113-->[androidx.profileinstaller:profileinstaller:1.3.0] AndroidManifest.xml:44:25-82
114            </intent-filter>
115            <intent-filter>
115-->[androidx.profileinstaller:profileinstaller:1.3.0] AndroidManifest.xml:46:13-48:29
116                <action android:name="androidx.profileinstaller.action.SAVE_PROFILE" />
116-->[androidx.profileinstaller:profileinstaller:1.3.0] AndroidManifest.xml:47:17-88
116-->[androidx.profileinstaller:profileinstaller:1.3.0] AndroidManifest.xml:47:25-85
117            </intent-filter>
118            <intent-filter>
118-->[androidx.profileinstaller:profileinstaller:1.3.0] AndroidManifest.xml:49:13-51:29
119                <action android:name="androidx.profileinstaller.action.BENCHMARK_OPERATION" />
119-->[androidx.profileinstaller:profileinstaller:1.3.0] AndroidManifest.xml:50:17-95
119-->[androidx.profileinstaller:profileinstaller:1.3.0] AndroidManifest.xml:50:25-92
120            </intent-filter>
121        </receiver>
122    </application>
123
124</manifest>